<?xml version="1.0" encoding="UTF-8"?>
<!-- Generated by org.testng.reporters.JUnitReportReporter -->
<testsuite hostname="DESKTOP-IHIJH93" failures="0" tests="1" name="com.actitme.testscript.CreateCustomer" time="32.555" errors="0" timestamp="2022-08-27T01:00:30 IST" skipped="0">
  <testcase classname="com.actitme.testscript.CreateCustomer" name="testCreateCustomer" time="32.555"/>
  <system-out>
    <![CDATA[HDFC_001
Banking Project]]>
  </system-out>
</testsuite> <!-- com.actitme.testscript.CreateCustomer -->
